check signature
POST
body
<xml><ToUserName><![CDATA[gh_ce86feaa1ad8]]></ToUserName>
<FromUserName><![CDATA[oMflIxOh8gFgyWtctFTzLeWf_uTc]]></FromUserName>
<CreateTime>1451406254</CreateTime>
<MsgType><![CDATA[text]]></MsgType>
<Content><![CDATA[h]]></Content>
<MsgId>6233742394540935409</MsgId>
</xml>
h
1--------
4--------
<xml>
                <ToUserName><![CDATA[%s]]></ToUserName>
                <FromUserName><![CDATA[%s]]></FromUserName>
                <CreateTime>%s</CreateTime>
                <MsgType><![CDATA[music]]></MsgType>
				<Music>
				<Title><![CDATA[从开始到现在]]></Title>
				<Description><![CDATA[歌手_张信哲]]></Description>
				<MusicUrl><![CDATA[http://123.57.55.200/zxz.mp3]]></MusicUrl>
				<HQMusicUrl><![CDATA[http://123.57.55.200/zxz.mp3]]></HQMusicUrl>
				</Music>
                </xml>
test log
test log
test log
test log
POST
body
<xml><ToUserName><![CDATA[gh_ce86feaa1ad8]]></ToUserName>
<FromUserName><![CDATA[oMflIxOh8gFgyWtctFTzLeWf_uTc]]></FromUserName>
<CreateTime>1451455848</CreateTime>
<MsgType><![CDATA[text]]></MsgType>
<Content><![CDATA[h]]></Content>
<MsgId>6233955399149021312</MsgId>
</xml>
h
1--------
4--------
<xml>
                <ToUserName><![CDATA[%s]]></ToUserName>
                <FromUserName><![CDATA[%s]]></FromUserName>
                <CreateTime>%s</CreateTime>
                <MsgType><![CDATA[music]]></MsgType>
				<Music>
				<Title><![CDATA[从开始到现在]]></Title>
				<Description><![CDATA[歌手_张信哲]]></Description>
				<MusicUrl><![CDATA[http://123.57.55.200/zxz.mp3]]></MusicUrl>
				<HQMusicUrl><![CDATA[http://123.57.55.200/zxz.mp3]]></HQMusicUrl>
				</Music>
                </xml>
test log
test log
test log
test log
test log
test log
POST
body
<xml><ToUserName><![CDATA[gh_ce86feaa1ad8]]></ToUserName>
<FromUserName><![CDATA[oMflIxOh8gFgyWtctFTzLeWf_uTc]]></FromUserName>
<CreateTime>1451460776</CreateTime>
<MsgType><![CDATA[text]]></MsgType>
<Content><![CDATA[回]]></Content>
<MsgId>6233976564747856744</MsgId>
</xml>
回
1--------
4--------
<xml>
                <ToUserName><![CDATA[%s]]></ToUserName>
                <FromUserName><![CDATA[%s]]></FromUserName>
                <CreateTime>%s</CreateTime>
                <MsgType><![CDATA[music]]></MsgType>
				<Music>
				<Title><![CDATA[从开始到现在]]></Title>
				<Description><![CDATA[歌手_张信哲]]></Description>
				<MusicUrl><![CDATA[http://123.57.55.200/zxz.mp3]]></MusicUrl>
				<HQMusicUrl><![CDATA[http://123.57.55.200/zxz.mp3]]></HQMusicUrl>
				</Music>
                </xml>
test log
test log
test log
test log
test log
test log
POST
body
<xml><ToUserName><![CDATA[gh_ce86feaa1ad8]]></ToUserName>
<FromUserName><![CDATA[oMflIxOh8gFgyWtctFTzLeWf_uTc]]></FromUserName>
<CreateTime>1451530602</CreateTime>
<MsgType><![CDATA[text]]></MsgType>
<Content><![CDATA[h]]></Content>
<MsgId>6234276465134276573</MsgId>
</xml>
h
1--------
4--------
<xml>
                <ToUserName><![CDATA[%s]]></ToUserName>
                <FromUserName><![CDATA[%s]]></FromUserName>
                <CreateTime>%s</CreateTime>
                <MsgType><![CDATA[music]]></MsgType>
				<Music>
				<Title><![CDATA[从开始到现在]]></Title>
				<Description><![CDATA[歌手_张信哲]]></Description>
				<MusicUrl><![CDATA[http://123.57.55.200/zxz.mp3]]></MusicUrl>
				<HQMusicUrl><![CDATA[http://123.57.55.200/zxz.mp3]]></HQMusicUrl>
				</Music>
                </xml>
test log
test log
test log
test log
test log
test log
test log
test log
test log
test log
test log
test log
test log
test log
test log
test log
test log
test log
test log
test log
test log
test log
test log
test log
test log
test log
test log
test log
test log
test log
test log
test log
test log
test log
test log
test log
test log
test log
test log
test log
test log
test log
test log
test log
test log
test log
test log
test log
test log
test log
test log
test log
test log
test log
test log
test log
test log
test log
test log
POST
body
<xml><ToUserName><![CDATA[gh_ce86feaa1ad8]]></ToUserName>
<FromUserName><![CDATA[oMflIxOh8gFgyWtctFTzLeWf_uTc]]></FromUserName>
<CreateTime>1452828924</CreateTime>
<MsgType><![CDATA[text]]></MsgType>
<Content><![CDATA[好]]></Content>
<MsgId>6239852715664073563</MsgId>
</xml>
好
1--------
4--------
<xml>
                <ToUserName><![CDATA[%s]]></ToUserName>
                <FromUserName><![CDATA[%s]]></FromUserName>
                <CreateTime>%s</CreateTime>
                <MsgType><![CDATA[music]]></MsgType>
				<Music>
				<Title><![CDATA[从开始到现在]]></Title>
				<Description><![CDATA[歌手_张信哲]]></Description>
				<MusicUrl><![CDATA[http://123.57.55.200/zxz.mp3]]></MusicUrl>
				<HQMusicUrl><![CDATA[http://123.57.55.200/zxz.mp3]]></HQMusicUrl>
				</Music>
                </xml>
POST
body
<xml><ToUserName><![CDATA[gh_ce86feaa1ad8]]></ToUserName>
<FromUserName><![CDATA[oMflIxOh8gFgyWtctFTzLeWf_uTc]]></FromUserName>
<CreateTime>1452828954</CreateTime>
<MsgType><![CDATA[text]]></MsgType>
<Content><![CDATA[好]]></Content>
<MsgId>6239852844513092445</MsgId>
</xml>
好
1--------
4--------
<xml>
                <ToUserName><![CDATA[%s]]></ToUserName>
                <FromUserName><![CDATA[%s]]></FromUserName>
                <CreateTime>%s</CreateTime>
                <MsgType><![CDATA[music]]></MsgType>
				<Music>
				<Title><![CDATA[从开始到现在]]></Title>
				<Description><![CDATA[歌手_张信哲]]></Description>
				<MusicUrl><![CDATA[http://123.57.55.200/zxz.mp3]]></MusicUrl>
				<HQMusicUrl><![CDATA[http://123.57.55.200/zxz.mp3]]></HQMusicUrl>
				</Music>
                </xml>
POST
body
<xml><ToUserName><![CDATA[gh_ce86feaa1ad8]]></ToUserName>
<FromUserName><![CDATA[oMflIxOh8gFgyWtctFTzLeWf_uTc]]></FromUserName>
<CreateTime>1452829023</CreateTime>
<MsgType><![CDATA[text]]></MsgType>
<Content><![CDATA[好]]></Content>
<MsgId>6239853140865835885</MsgId>
</xml>
好
1--------
4--------
<xml>
                <ToUserName><![CDATA[%s]]></ToUserName>
                <FromUserName><![CDATA[%s]]></FromUserName>
                <CreateTime>%s</CreateTime>
                <MsgType><![CDATA[news]]></MsgType>
                <ArticleCount>2</ArticleCount>
                <Articles>
                <item>
                <Title><![CDATA[芈月]]></Title> 
                <Description><![CDATA[史上第一个太后]]></Description>
                <PicUrl><![CDATA[http://52.77.210.85/static/2.png]]></PicUrl>
                <Url><![CDATA[http://baike.baidu.com/link?url=H0yeGbyIcqnaMEt7VeKa9sC2vi7rce7SXNJYVcuVHHCbk8A9OO-mlzgT2CdIcSQAi3TDo13B7e9bcf0150OhVtzRgM8qsGGBdWew6_1LjcO]]></Url>
                </item>
                <item>
                <Title><![CDATA[芈姝]]></Title>
                <Description><![CDATA[楚国楚威后所生的嫡公主]]></Description>
                <PicUrl><![CDATA[http://52.77.210.85/static/30.png]]></PicUrl>
                <Url><![CDATA[http://baike.baidu.com/link?url=H0yeGbyIcqnaMEt7VeKa9sC2vi7rce7SXNJYVcuVHHCbk8A9OO-mlzgT2CdIcSQAi3TDo13B7e9bcf0150OhVtzRgM8qsGGBdWew6_1LjcO]]></Url>
                </item>
                </Articles>
                </xml>
POST
body
<xml><ToUserName><![CDATA[gh_ce86feaa1ad8]]></ToUserName>
<FromUserName><![CDATA[oMflIxOh8gFgyWtctFTzLeWf_uTc]]></FromUserName>
<CreateTime>1452833961</CreateTime>
<MsgType><![CDATA[text]]></MsgType>
<Content><![CDATA[还]]></Content>
<MsgId>6239874349414343849</MsgId>
</xml>
还
1--------
4--------
<xml>
                <ToUserName><![CDATA[%s]]></ToUserName>
                <FromUserName><![CDATA[%s]]></FromUserName>
                <CreateTime>%s</CreateTime>
                <MsgType><![CDATA[news]]></MsgType>
                <ArticleCount>2</ArticleCount>
                <Articles>
                <item>
                <Title><![CDATA[芈月]]></Title> 
                <Description><![CDATA[史上第一个太后]]></Description>
                <PicUrl><![CDATA[http://52.77.210.85/static/2.png]]></PicUrl>
                <Url><![CDATA[http://baike.baidu.com/link?url=H0yeGbyIcqnaMEt7VeKa9sC2vi7rce7SXNJYVcuVHHCbk8A9OO-mlzgT2CdIcSQAi3TDo13B7e9bcf0150OhVtzRgM8qsGGBdWew6_1LjcO]]></Url>
                </item>
                <item>
                <Title><![CDATA[芈姝]]></Title>
                <Description><![CDATA[楚国楚威后所生的嫡公主]]></Description>
                <PicUrl><![CDATA[http://52.77.210.85/static/30.png]]></PicUrl>
                <Url><![CDATA[http://baike.baidu.com/link?url=H0yeGbyIcqnaMEt7VeKa9sC2vi7rce7SXNJYVcuVHHCbk8A9OO-mlzgT2CdIcSQAi3TDo13B7e9bcf0150OhVtzRgM8qsGGBdWew6_1LjcO]]></Url>
                </item>
                </Articles>
                </xml>
test log
test log
POST
body
<xml><ToUserName><![CDATA[gh_ce86feaa1ad8]]></ToUserName>
<FromUserName><![CDATA[oMflIxOh8gFgyWtctFTzLeWf_uTc]]></FromUserName>
<CreateTime>1452839594</CreateTime>
<MsgType><![CDATA[location]]></MsgType>
<Location_X>40.045624</Location_X>
<Location_Y>116.292068</Location_Y>
<Scale>16</Scale>
<Label><![CDATA[海淀区中关村软件园内环宇大厦内]]></Label>
<MsgId>6239898542965122643</MsgId>
</xml>
POST
body
<xml><ToUserName><![CDATA[gh_ce86feaa1ad8]]></ToUserName>
<FromUserName><![CDATA[oMflIxOh8gFgyWtctFTzLeWf_uTc]]></FromUserName>
<CreateTime>1452866908</CreateTime>
<MsgType><![CDATA[location]]></MsgType>
<Location_X>40.040215</Location_X>
<Location_Y>116.334831</Location_Y>
<Scale>16</Scale>
<Label><![CDATA[海淀区清河毛纺北小区内(安宁庄东路北)]]></Label>
<MsgId>6240015855701848956</MsgId>
</xml>
test log
POST
body
<xml><ToUserName><![CDATA[gh_ce86feaa1ad8]]></ToUserName>
<FromUserName><![CDATA[oMflIxOh8gFgyWtctFTzLeWf_uTc]]></FromUserName>
<CreateTime>1452870146</CreateTime>
<MsgType><![CDATA[event]]></MsgType>
<Event><![CDATA[CLICK]]></Event>
<EventKey><![CDATA[V1001_TODAY_MUSIC]]></EventKey>
</xml>
POST
body
<xml><ToUserName><![CDATA[gh_ce86feaa1ad8]]></ToUserName>
<FromUserName><![CDATA[oMflIxOh8gFgyWtctFTzLeWf_uTc]]></FromUserName>
<CreateTime>1452870155</CreateTime>
<MsgType><![CDATA[text]]></MsgType>
<Content><![CDATA[好]]></Content>
<MsgId>6240029801460659291</MsgId>
</xml>
好
1--------
4--------
<xml>
                <ToUserName><![CDATA[%s]]></ToUserName>
                <FromUserName><![CDATA[%s]]></FromUserName>
                <CreateTime>%s</CreateTime>
                <MsgType><![CDATA[news]]></MsgType>
                <ArticleCount>2</ArticleCount>
                <Articles>
                <item>
                <Title><![CDATA[芈月]]></Title> 
                <Description><![CDATA[史上第一个太后]]></Description>
                <PicUrl><![CDATA[http://52.77.210.85/static/2.png]]></PicUrl>
                <Url><![CDATA[http://baike.baidu.com/link?url=H0yeGbyIcqnaMEt7VeKa9sC2vi7rce7SXNJYVcuVHHCbk8A9OO-mlzgT2CdIcSQAi3TDo13B7e9bcf0150OhVtzRgM8qsGGBdWew6_1LjcO]]></Url>
                </item>
                <item>
                <Title><![CDATA[芈姝]]></Title>
                <Description><![CDATA[楚国楚威后所生的嫡公主]]></Description>
                <PicUrl><![CDATA[http://52.77.210.85/static/30.png]]></PicUrl>
                <Url><![CDATA[http://baike.baidu.com/link?url=H0yeGbyIcqnaMEt7VeKa9sC2vi7rce7SXNJYVcuVHHCbk8A9OO-mlzgT2CdIcSQAi3TDo13B7e9bcf0150OhVtzRgM8qsGGBdWew6_1LjcO]]></Url>
                </item>
                </Articles>
                </xml>
POST
body
<xml><ToUserName><![CDATA[gh_ce86feaa1ad8]]></ToUserName>
<FromUserName><![CDATA[oMflIxOh8gFgyWtctFTzLeWf_uTc]]></FromUserName>
<CreateTime>1452870261</CreateTime>
<MsgType><![CDATA[text]]></MsgType>
<Content><![CDATA[好]]></Content>
<MsgId>6240030256727192671</MsgId>
</xml>
好
1--------
4--------
<xml>
                <ToUserName><![CDATA[%s]]></ToUserName>
                <FromUserName><![CDATA[%s]]></FromUserName>
                <CreateTime>%s</CreateTime>
                <MsgType><![CDATA[news]]></MsgType>
                <ArticleCount>2</ArticleCount>
                <Articles>
                <item>
                <Title><![CDATA[芈月]]></Title> 
                <Description><![CDATA[史上第一个太后]]></Description>
                <PicUrl><![CDATA[http://52.77.210.85/static/2.png]]></PicUrl>
                <Url><![CDATA[http://baike.baidu.com/link?url=H0yeGbyIcqnaMEt7VeKa9sC2vi7rce7SXNJYVcuVHHCbk8A9OO-mlzgT2CdIcSQAi3TDo13B7e9bcf0150OhVtzRgM8qsGGBdWew6_1LjcO]]></Url>
                </item>
                <item>
                <Title><![CDATA[芈姝]]></Title>
                <Description><![CDATA[楚国楚威后所生的嫡公主]]></Description>
                <PicUrl><![CDATA[http://52.77.210.85/static/30.png]]></PicUrl>
                <Url><![CDATA[http://baike.baidu.com/link?url=H0yeGbyIcqnaMEt7VeKa9sC2vi7rce7SXNJYVcuVHHCbk8A9OO-mlzgT2CdIcSQAi3TDo13B7e9bcf0150OhVtzRgM8qsGGBdWew6_1LjcO]]></Url>
                </item>
                </Articles>
                </xml>
POST
body
<xml><ToUserName><![CDATA[gh_ce86feaa1ad8]]></ToUserName>
<FromUserName><![CDATA[oMflIxOh8gFgyWtctFTzLeWf_uTc]]></FromUserName>
<CreateTime>1452873657</CreateTime>
<MsgType><![CDATA[text]]></MsgType>
<Content><![CDATA[好]]></Content>
<MsgId>6240044842436130097</MsgId>
</xml>
好
1--------
4--------
<xml>
                <ToUserName><![CDATA[%s]]></ToUserName>
                <FromUserName><![CDATA[%s]]></FromUserName>
                <CreateTime>%s</CreateTime>
                <MsgType><![CDATA[news]]></MsgType>
                <ArticleCount>2</ArticleCount>
                <Articles>
                <item>
                <Title><![CDATA[芈月]]></Title> 
                <Description><![CDATA[史上第一个太后]]></Description>
                <PicUrl><![CDATA[http://52.77.210.85/static/2.png]]></PicUrl>
                <Url><![CDATA[http://restapi.amap.com/v3/staticmap?location=116.334831,40.040215&zoom=17&size=750*300&markers=mid,,A:116.334831,40.040215&key=e3cb09daaa47fb81fff57de497dee642]]></Url>
                </item>
                <item>
                <Title><![CDATA[芈姝]]></Title>
                <Description><![CDATA[楚国楚威后所生的嫡公主]]></Description>
                <PicUrl><![CDATA[http://52.77.210.85/static/30.png]]></PicUrl>
                <Url><![CDATA[http://baike.baidu.com/link?url=H0yeGbyIcqnaMEt7VeKa9sC2vi7rce7SXNJYVcuVHHCbk8A9OO-mlzgT2CdIcSQAi3TDo13B7e9bcf0150OhVtzRgM8qsGGBdWew6_1LjcO]]></Url>
                </item>
                </Articles>
                </xml>
test log
POST
body
<xml><ToUserName><![CDATA[gh_ce86feaa1ad8]]></ToUserName>
<FromUserName><![CDATA[oMflIxOh8gFgyWtctFTzLeWf_uTc]]></FromUserName>
<CreateTime>1452919422</CreateTime>
<MsgType><![CDATA[text]]></MsgType>
<Content><![CDATA[回]]></Content>
<MsgId>6240241401614432656</MsgId>
</xml>
回
1--------
4--------
<xml>
                <ToUserName><![CDATA[%s]]></ToUserName>
                <FromUserName><![CDATA[%s]]></FromUserName>
                <CreateTime>%s</CreateTime>
                <MsgType><![CDATA[news]]></MsgType>
                <ArticleCount>2</ArticleCount>
                <Articles>
                <item>
                <Title><![CDATA[芈月]]></Title> 
                <Description><![CDATA[史上第一个太后]]></Description>
                <PicUrl><![CDATA[http://52.77.210.85/static/2.png]]></PicUrl>
                <Url><![CDATA[http://restapi.amap.com/v3/staticmap?location=116.334831,40.040215&zoom=17&size=750*300&markers=mid,,A:116.334831,40.040215&key=e3cb09daaa47fb81fff57de497dee642]]></Url>
                </item>
                <item>
                <Title><![CDATA[芈姝]]></Title>
                <Description><![CDATA[楚国楚威后所生的嫡公主]]></Description>
                <PicUrl><![CDATA[http://52.77.210.85/static/30.png]]></PicUrl>
                <Url><![CDATA[http://baike.baidu.com/link?url=H0yeGbyIcqnaMEt7VeKa9sC2vi7rce7SXNJYVcuVHHCbk8A9OO-mlzgT2CdIcSQAi3TDo13B7e9bcf0150OhVtzRgM8qsGGBdWew6_1LjcO]]></Url>
                </item>
                </Articles>
                </xml>
test log
POST
body
<xml><ToUserName><![CDATA[gh_ce86feaa1ad8]]></ToUserName>
<FromUserName><![CDATA[oMflIxOh8gFgyWtctFTzLeWf_uTc]]></FromUserName>
<CreateTime>1452954123</CreateTime>
<MsgType><![CDATA[text]]></MsgType>
<Content><![CDATA[好]]></Content>
<MsgId>6240390441274573653</MsgId>
</xml>
好
1--------
4--------
<xml>
                <ToUserName><![CDATA[%s]]></ToUserName>
                <FromUserName><![CDATA[%s]]></FromUserName>
                <CreateTime>%s</CreateTime>
                <MsgType><![CDATA[news]]></MsgType>
                <ArticleCount>2</ArticleCount>
                <Articles>
                <item>
                <Title><![CDATA[芈月]]></Title> 
                <Description><![CDATA[史上第一个太后]]></Description>
                <PicUrl><![CDATA[http://52.77.210.85/static/2.png]]></PicUrl>
                <Url><![CDATA[http://restapi.amap.com/v3/staticmap?location=116.334831,40.040215&zoom=17&size=750*300&markers=mid,,A:116.334831,40.040215&key=e3cb09daaa47fb81fff57de497dee642]]></Url>
                </item>
                <item>
                <Title><![CDATA[芈姝]]></Title>
                <Description><![CDATA[楚国楚威后所生的嫡公主]]></Description>
                <PicUrl><![CDATA[http://52.77.210.85/static/30.png]]></PicUrl>
                <Url><![CDATA[http://baike.baidu.com/link?url=H0yeGbyIcqnaMEt7VeKa9sC2vi7rce7SXNJYVcuVHHCbk8A9OO-mlzgT2CdIcSQAi3TDo13B7e9bcf0150OhVtzRgM8qsGGBdWew6_1LjcO]]></Url>
                </item>
                </Articles>
                </xml>
test log
test log
test log
test log
test log
POST
body
<xml><ToUserName><![CDATA[gh_ce86feaa1ad8]]></ToUserName>
<FromUserName><![CDATA[oMflIxOh8gFgyWtctFTzLeWf_uTc]]></FromUserName>
<CreateTime>1453170456</CreateTime>
<MsgType><![CDATA[text]]></MsgType>
<Content><![CDATA[h]]></Content>
<MsgId>6241319584434629142</MsgId>
</xml>
h
1--------
4--------
<xml>
                <ToUserName><![CDATA[%s]]></ToUserName>
                <FromUserName><![CDATA[%s]]></FromUserName>
                <CreateTime>%s</CreateTime>
                <MsgType><![CDATA[news]]></MsgType>
                <ArticleCount>2</ArticleCount>
                <Articles>
                <item>
                <Title><![CDATA[芈月]]></Title> 
                <Description><![CDATA[史上第一个太后]]></Description>
                <PicUrl><![CDATA[http://52.77.210.85/static/2.png]]></PicUrl>
                <Url><![CDATA[http://restapi.amap.com/v3/staticmap?location=116.334831,40.040215&zoom=17&size=750*300&markers=mid,,A:116.334831,40.040215&key=e3cb09daaa47fb81fff57de497dee642]]></Url>
                </item>
                <item>
                <Title><![CDATA[芈姝]]></Title>
                <Description><![CDATA[楚国楚威后所生的嫡公主]]></Description>
                <PicUrl><![CDATA[http://52.77.210.85/static/30.png]]></PicUrl>
                <Url><![CDATA[http://baike.baidu.com/link?url=H0yeGbyIcqnaMEt7VeKa9sC2vi7rce7SXNJYVcuVHHCbk8A9OO-mlzgT2CdIcSQAi3TDo13B7e9bcf0150OhVtzRgM8qsGGBdWew6_1LjcO]]></Url>
                </item>
                </Articles>
                </xml>
POST
body
<xml><ToUserName><![CDATA[gh_ce86feaa1ad8]]></ToUserName>
<FromUserName><![CDATA[oMflIxOh8gFgyWtctFTzLeWf_uTc]]></FromUserName>
<CreateTime>1453170557</CreateTime>
<MsgType><![CDATA[text]]></MsgType>
<Content><![CDATA[h]]></Content>
<MsgId>6241320018226326040</MsgId>
</xml>
h
1--------
4--------
<xml>
                <ToUserName><![CDATA[%s]]></ToUserName>
                <FromUserName><![CDATA[%s]]></FromUserName>
                <CreateTime>%s</CreateTime>
                <MsgType><![CDATA[news]]></MsgType>
                <ArticleCount>2</ArticleCount>
                <Articles>
                <item>
                <Title><![CDATA[芈月]]></Title> 
                <Description><![CDATA[史上第一个太后]]></Description>
                <PicUrl><![CDATA[http://52.77.210.85/static/2.png]]></PicUrl>
                <Url><![CDATA[http://restapi.amap.com/v3/staticmap?location=116.334831,40.040215&zoom=17&size=750*300&markers=mid,,A:116.334831,40.040215&key=e3cb09daaa47fb81fff57de497dee642]]></Url>
                </item>
                <item>
                <Title><![CDATA[芈姝]]></Title>
                <Description><![CDATA[楚国楚威后所生的嫡公主]]></Description>
                <PicUrl><![CDATA[http://52.77.210.85/static/30.png]]></PicUrl>
                <Url><![CDATA[http://baike.baidu.com/link?url=H0yeGbyIcqnaMEt7VeKa9sC2vi7rce7SXNJYVcuVHHCbk8A9OO-mlzgT2CdIcSQAi3TDo13B7e9bcf0150OhVtzRgM8qsGGBdWew6_1LjcO]]></Url>
                </item>
                </Articles>
                </xml>
POST
body
<xml><ToUserName><![CDATA[gh_ce86feaa1ad8]]></ToUserName>
<FromUserName><![CDATA[oMflIxOh8gFgyWtctFTzLeWf_uTc]]></FromUserName>
<CreateTime>1453170715</CreateTime>
<MsgType><![CDATA[text]]></MsgType>
<Content><![CDATA[h]]></Content>
<MsgId>6241320696831158815</MsgId>
</xml>
h
1--------
4--------
<xml>
                <ToUserName><![CDATA[%s]]></ToUserName>
                <FromUserName><![CDATA[%s]]></FromUserName>
                <CreateTime>%s</CreateTime>
                <MsgType><![CDATA[news]]></MsgType>
                <ArticleCount>2</ArticleCount>
                <Articles>
                <item>
                <Title><![CDATA[芈月]]></Title> 
                <Description><![CDATA[史上第一个太后]]></Description>
                <PicUrl><![CDATA[http://52.77.210.85/static/2.png]]></PicUrl>
                <Url><![CDATA[http://restapi.amap.com/v3/staticmap?location=116.334831,40.040215&zoom=17&size=750*300&markers=mid,,A:116.334831,40.040215&key=e3cb09daaa47fb81fff57de497dee642]]></Url>
                </item>
                <item>
                <Title><![CDATA[芈姝]]></Title>
                <Description><![CDATA[楚国楚威后所生的嫡公主]]></Description>
                <PicUrl><![CDATA[http://52.77.210.85/static/30.png]]></PicUrl>
                <Url><![CDATA[http://baike.baidu.com/link?url=H0yeGbyIcqnaMEt7VeKa9sC2vi7rce7SXNJYVcuVHHCbk8A9OO-mlzgT2CdIcSQAi3TDo13B7e9bcf0150OhVtzRgM8qsGGBdWew6_1LjcO]]></Url>
                </item>
                </Articles>
                </xml>
test log
test log
test log
test log
test log
test log
test log
test log
test log
POST
body
<xml><ToUserName><![CDATA[gh_ce86feaa1ad8]]></ToUserName>
<FromUserName><![CDATA[oMflIxOh8gFgyWtctFTzLeWf_uTc]]></FromUserName>
<CreateTime>1453300614</CreateTime>
<MsgType><![CDATA[text]]></MsgType>
<Content><![CDATA[好]]></Content>
<MsgId>6241878608787953503</MsgId>
</xml>
好
1--------
4--------
<xml>
                <ToUserName><![CDATA[%s]]></ToUserName>
                <FromUserName><![CDATA[%s]]></FromUserName>
                <CreateTime>%s</CreateTime>
                <MsgType><![CDATA[news]]></MsgType>
                <ArticleCount>2</ArticleCount>
                <Articles>
                <item>
                <Title><![CDATA[芈月]]></Title> 
                <Description><![CDATA[史上第一个太后]]></Description>
                <PicUrl><![CDATA[http://52.77.210.85/static/2.png]]></PicUrl>
                <Url><![CDATA[http://restapi.amap.com/v3/staticmap?location=116.334831,40.040215&zoom=17&size=750*300&markers=mid,,A:116.334831,40.040215&key=e3cb09daaa47fb81fff57de497dee642]]></Url>
                </item>
                <item>
                <Title><![CDATA[芈姝]]></Title>
                <Description><![CDATA[楚国楚威后所生的嫡公主]]></Description>
                <PicUrl><![CDATA[http://52.77.210.85/static/30.png]]></PicUrl>
                <Url><![CDATA[http://baike.baidu.com/link?url=H0yeGbyIcqnaMEt7VeKa9sC2vi7rce7SXNJYVcuVHHCbk8A9OO-mlzgT2CdIcSQAi3TDo13B7e9bcf0150OhVtzRgM8qsGGBdWew6_1LjcO]]></Url>
                </item>
                </Articles>
                </xml>
test log
test log
test log
test log
test log
test log
test log
test log
test log
test log
test log
test log
test log
test log
test log
test log
test log
test log
test log
test log
test log
test log
test log
test log
test log
test log
test log
test log
test log
test log
test log
test log
test log
test log
test log
test log
test log
test log
test log
test log
test log
test log
test log
test log
test log
test log
test log
test log
test log
test log
test log
test log
test log
test log
test log
test log
test log
test log
test log
test log
test log
test log
test log
test log
POST
body
<xml><ToUserName><![CDATA[gh_ce86feaa1ad8]]></ToUserName>
<FromUserName><![CDATA[oMflIxOh8gFgyWtctFTzLeWf_uTc]]></FromUserName>
<CreateTime>1455635391</CreateTime>
<MsgType><![CDATA[text]]></MsgType>
<Content><![CDATA[好]]></Content>
<MsgId>6251906399646583306</MsgId>
</xml>
好
1--------
4--------
<xml>
                <ToUserName><![CDATA[%s]]></ToUserName>
                <FromUserName><![CDATA[%s]]></FromUserName>
                <CreateTime>%s</CreateTime>
                <MsgType><![CDATA[news]]></MsgType>
                <ArticleCount>2</ArticleCount>
                <Articles>
                <item>
                <Title><![CDATA[芈月]]></Title> 
                <Description><![CDATA[史上第一个太后]]></Description>
                <PicUrl><![CDATA[http://52.77.210.85/static/2.png]]></PicUrl>
                <Url><![CDATA[http://restapi.amap.com/v3/staticmap?location=116.334831,40.040215&zoom=17&size=750*300&markers=mid,,A:116.334831,40.040215&key=e3cb09daaa47fb81fff57de497dee642]]></Url>
                </item>
                <item>
                <Title><![CDATA[芈姝]]></Title>
                <Description><![CDATA[楚国楚威后所生的嫡公主]]></Description>
                <PicUrl><![CDATA[http://52.77.210.85/static/30.png]]></PicUrl>
                <Url><![CDATA[http://baike.baidu.com/link?url=H0yeGbyIcqnaMEt7VeKa9sC2vi7rce7SXNJYVcuVHHCbk8A9OO-mlzgT2CdIcSQAi3TDo13B7e9bcf0150OhVtzRgM8qsGGBdWew6_1LjcO]]></Url>
                </item>
                </Articles>
                </xml>
test log
test log
test log
test log
test log
test log
test log
test log
test log
test log
test log
test log
test log
test log
test log
test log
test log
test log
test log
test log
test log
test log
test log
test log
test log
test log
test log
test log
test log
test log
test log
test log
test log
test log
test log
test log
test log
test log
test log
test log
test log
test log
test log
test log
test log
test log
test log
test log
test log
test log
test log
test log
test log
test log
test log
test log
test log
test log
test log
test log
test log
test log
test log
test log
test log
test log
test log
test log
test log
test log
test log
POST
body
<xml><ToUserName><![CDATA[gh_ce86feaa1ad8]]></ToUserName>
<FromUserName><![CDATA[oMflIxOh8gFgyWtctFTzLeWf_uTc]]></FromUserName>
<CreateTime>1457677173</CreateTime>
<MsgType><![CDATA[text]]></MsgType>
<Content><![CDATA[好]]></Content>
<MsgId>6260675786562349772</MsgId>
</xml>
好
1--------
4--------
<xml>
                <ToUserName><![CDATA[%s]]></ToUserName>
                <FromUserName><![CDATA[%s]]></FromUserName>
                <CreateTime>%s</CreateTime>
                <MsgType><![CDATA[news]]></MsgType>
                <ArticleCount>2</ArticleCount>
                <Articles>
                <item>
                <Title><![CDATA[芈月]]></Title> 
                <Description><![CDATA[史上第一个太后]]></Description>
                <PicUrl><![CDATA[http://52.77.210.85/static/2.png]]></PicUrl>
                <Url><![CDATA[http://restapi.amap.com/v3/staticmap?location=116.334831,40.040215&zoom=17&size=750*300&markers=mid,,A:116.334831,40.040215&key=e3cb09daaa47fb81fff57de497dee642]]></Url>
                </item>
                <item>
                <Title><![CDATA[芈姝]]></Title>
                <Description><![CDATA[楚国楚威后所生的嫡公主]]></Description>
                <PicUrl><![CDATA[http://52.77.210.85/static/30.png]]></PicUrl>
                <Url><![CDATA[http://baike.baidu.com/link?url=H0yeGbyIcqnaMEt7VeKa9sC2vi7rce7SXNJYVcuVHHCbk8A9OO-mlzgT2CdIcSQAi3TDo13B7e9bcf0150OhVtzRgM8qsGGBdWew6_1LjcO]]></Url>
                </item>
                </Articles>
                </xml>
POST
body
<xml><ToUserName><![CDATA[gh_ce86feaa1ad8]]></ToUserName>
<FromUserName><![CDATA[oMflIxOh8gFgyWtctFTzLeWf_uTc]]></FromUserName>
<CreateTime>1457677379</CreateTime>
<MsgType><![CDATA[text]]></MsgType>
<Content><![CDATA[音乐]]></Content>
<MsgId>6260676671325612776</MsgId>
</xml>
音乐
1--------
4--------
<xml>
                <ToUserName><![CDATA[%s]]></ToUserName>
                <FromUserName><![CDATA[%s]]></FromUserName>
                <CreateTime>%s</CreateTime>
                <MsgType><![CDATA[news]]></MsgType>
                <ArticleCount>2</ArticleCount>
                <Articles>
                <item>
                <Title><![CDATA[芈月]]></Title> 
                <Description><![CDATA[史上第一个太后]]></Description>
                <PicUrl><![CDATA[http://52.77.210.85/static/2.png]]></PicUrl>
                <Url><![CDATA[http://restapi.amap.com/v3/staticmap?location=116.334831,40.040215&zoom=17&size=750*300&markers=mid,,A:116.334831,40.040215&key=e3cb09daaa47fb81fff57de497dee642]]></Url>
                </item>
                <item>
                <Title><![CDATA[芈姝]]></Title>
                <Description><![CDATA[楚国楚威后所生的嫡公主]]></Description>
                <PicUrl><![CDATA[http://52.77.210.85/static/30.png]]></PicUrl>
                <Url><![CDATA[http://baike.baidu.com/link?url=H0yeGbyIcqnaMEt7VeKa9sC2vi7rce7SXNJYVcuVHHCbk8A9OO-mlzgT2CdIcSQAi3TDo13B7e9bcf0150OhVtzRgM8qsGGBdWew6_1LjcO]]></Url>
                </item>
                </Articles>
                </xml>
